<?xml version="1.0" encoding="UTF-8"?>
<!-- Generated by org.testng.reporters.JUnitReportReporter -->
<testsuite hostname="DESKTOP-QNI3AVT" failures="0" tests="1" name="properties.TestNGTestRunner" time="6.695" errors="0" timestamp="2024-08-10T13:36:56 IST" skipped="0">
  <testcase classname="properties.TestNGTestRunner" name="runScenario" time="6.695"/>
</testsuite> <!-- properties.TestNGTestRunner -->
